<?xml version="1.0" encoding="UTF-8"?>
<testng-results skipped="0" failed="0" total="1" passed="1">
  <reporter-output>
  </reporter-output>
  <suite name="Default suite" duration-ms="35306" started-at="2020-01-08T06:21:47Z" finished-at="2020-01-08T06:22:22Z">
    <groups>
    </groups>
    <test name="Default test" duration-ms="35306" started-at="2020-01-08T06:21:47Z" finished-at="2020-01-08T06:22:22Z">
      <class name="assignment.JqueryDragDrop">
        <test-method status="PASS" signature="beforeTest()[pri:0, instance:assignment.JqueryDragDrop@3ecf72fd]" name="beforeTest" is-config="true" duration-ms="24692" started-at="2020-01-08T11:51:47Z" finished-at="2020-01-08T11:52:12Z">
          <reporter-output>
          </reporter-output>
        </test-method> <!-- beforeTest -->
        <test-method status="PASS" signature="f()[pri:0, instance:assignment.JqueryDragDrop@3ecf72fd]" name="f" duration-ms="10530" started-at="2020-01-08T11:52:12Z" finished-at="2020-01-08T11:52:22Z">
          <reporter-output>
          </reporter-output>
        </test-method> <!-- f -->
        <test-method status="PASS" signature="afterTest()[pri:0, instance:assignment.JqueryDragDrop@3ecf72fd]" name="afterTest" is-config="true" duration-ms="56" started-at="2020-01-08T11:52:22Z" finished-at="2020-01-08T11:52:22Z">
          <reporter-output>
          </reporter-output>
        </test-method> <!-- afterTest -->
      </class> <!-- assignment.JqueryDragDrop -->
    </test> <!-- Default test -->
  </suite> <!-- Default suite -->
</testng-results>
