<?xml version="1.0" encoding="UTF-8"?>
<!-- Generated by org.testng.reporters.JUnitXMLReporter -->
<testsuite hostname="DESKTOP-G3DD0U6" ignored="0" name="Test" tests="5" failures="0" timestamp="09 Dec 2019 05:31:27 GMT" time="46.492" errors="0">
  <testcase name="visitBusiness" time="4.098" classname="testNG.MultiTest"/>
  <testcase name="visitPrivacy" time="4.759" classname="testNG.MultiTest"/>
  <testcase name="visitAdvertising" time="2.892" classname="testNG.MultiTest"/>
  <testcase name="visitTerms" time="1.418" classname="testNG.MultiTest"/>
  <testcase name="visitAbout" time="3.603" classname="testNG.MultiTest"/>
</testsuite> <!-- Test -->
