<?xml version="1.0" encoding="UTF-8"?>
<testng-results skipped="0" failed="0" total="1" passed="1">
  <reporter-output>
  </reporter-output>
  <suite name="Default suite" duration-ms="29243" started-at="2020-01-08T06:05:45Z" finished-at="2020-01-08T06:06:14Z">
    <groups>
    </groups>
    <test name="Default test" duration-ms="29243" started-at="2020-01-08T06:05:45Z" finished-at="2020-01-08T06:06:14Z">
      <class name="pomTest.EcoTest">
        <test-method status="PASS" signature="beforeTest()[pri:0, instance:pomTest.EcoTest@6ea6d14e]" name="beforeTest" is-config="true" duration-ms="17921" started-at="2020-01-08T11:35:45Z" finished-at="2020-01-08T11:36:03Z">
          <reporter-output>
          </reporter-output>
        </test-method> <!-- beforeTest -->
        <test-method status="PASS" signature="checkAlert()[pri:0, instance:pomTest.EcoTest@6ea6d14e]" name="checkAlert" duration-ms="8453" started-at="2020-01-08T11:36:03Z" finished-at="2020-01-08T11:36:12Z">
          <reporter-output>
          </reporter-output>
        </test-method> <!-- checkAlert -->
        <test-method status="PASS" signature="afterTest()[pri:0, instance:pomTest.EcoTest@6ea6d14e]" name="afterTest" is-config="true" duration-ms="2826" started-at="2020-01-08T11:36:12Z" finished-at="2020-01-08T11:36:14Z">
          <reporter-output>
          </reporter-output>
        </test-method> <!-- afterTest -->
      </class> <!-- pomTest.EcoTest -->
    </test> <!-- Default test -->
  </suite> <!-- Default suite -->
</testng-results>
