<?xml version="1.0" encoding="UTF-8"?>
<!-- Generated by org.testng.reporters.JUnitXMLReporter -->
<testsuite hostname="DESKTOP-G3DD0U6" ignored="0" name="Test1" tests="8" failures="0" timestamp="09 Dec 2019 05:43:27 GMT" time="104.549" errors="0">
  <testcase name="f" time="3.875" classname="testNG.EchotrakLogin"/>
  <testcase name="f" time="1.581" classname="testNG.EchotrakLogin"/>
  <testcase name="f" time="1.325" classname="testNG.EchotrakLogin"/>
  <testcase name="visitBusiness" time="4.914" classname="testNG.MultiTest"/>
  <testcase name="visitPrivacy" time="4.932" classname="testNG.MultiTest"/>
  <testcase name="visitAdvertising" time="6.744" classname="testNG.MultiTest"/>
  <testcase name="visitTerms" time="1.469" classname="testNG.MultiTest"/>
  <testcase name="visitAbout" time="5.857" classname="testNG.MultiTest"/>
</testsuite> <!-- Test1 -->
